<?xml version="1.0" encoding="UTF-8"?>
<!-- Generated by org.testng.reporters.JUnitXMLReporter -->
<testsuite ignored="0" hostname="DESKTOP-G4V2N1S" failures="0" tests="18" name="Different testng Features" time="27.792" errors="0" timestamp="2022-01-18T11:28:36 IST">
  <testcase classname="com.test.AssertTest" name="AssertTitle" time="0.029"/>
  <testcase classname="com.test.AssertTest" name="testLogo" time="0.081"/>
  <testcase classname="com.test.ExceptionHandling" name="handleException" time="0.003"/>
  <testcase classname="com.test.GoogleTest" name="testTitle" time="0.016"/>
  <testcase classname="com.test.GoogleTest" name="testLogo" time="0.074"/>
  <testcase classname="com.test.invocationCountTest" name="sum" time="0.002"/>
  <testcase classname="com.test.invocationCountTest" name="sum" time="0.001"/>
  <testcase classname="com.test.invocationCountTest" name="sum" time="0.003"/>
  <testcase classname="com.test.invocationCountTest" name="sum" time="0.001"/>
  <testcase classname="com.test.invocationCountTest" name="sum" time="0.002"/>
  <testcase classname="com.test.invocationCountTest" name="sum" time="0.002"/>
  <testcase classname="com.test.invocationCountTest" name="sum" time="0.002"/>
  <testcase classname="com.test.invocationCountTest" name="sum" time="0.003"/>
  <testcase classname="com.test.invocationCountTest" name="sum" time="0.001"/>
  <testcase classname="com.test.invocationCountTest" name="sum" time="0.001"/>
  <testcase classname="com.test.TestNgBasics" name="testTitle" time="0.005"/>
  <testcase classname="com.test.TestNgFeatures" name="loadPage" time="0.002"/>
  <testcase classname="com.test.TestNgFeatures" name="readTitle" time="0.002"/>
</testsuite> <!-- Different testng Features -->
