<?xml version="1.0" encoding="UTF-8"?>
<testng-results ignored="0" total="2" passed="2" failed="0" skipped="0">
  <reporter-output>
  </reporter-output>
  <suite started-at="2022-01-19T20:01:55 IST" name="Default suite" finished-at="2022-01-19T20:02:08 IST" duration-ms="13191">
    <groups>
    </groups>
    <test started-at="2022-01-19T20:01:55 IST" name="Default test" finished-at="2022-01-19T20:02:08 IST" duration-ms="13191">
      <class name="com.datadriven.test.TestNgDataDrivenTest">
        <test-method is-config="true" signature="setup()[pri:0, instance:com.datadriven.test.TestNgDataDrivenTest@5b03b9fe]" started-at="2022-01-19T20:01:55 IST" name="setup" finished-at="2022-01-19T20:02:02 IST" duration-ms="6504" status="PASS">
          <reporter-output>
          </reporter-output>
        </test-method> <!-- setup -->
        <test-method signature="testNgTest(java.lang.String,java.lang.String)[pri:0, instance:com.datadriven.test.TestNgDataDrivenTest@5b03b9fe]" started-at="2022-01-19T20:02:02 IST" name="testNgTest" data-provider="getTestData" finished-at="2022-01-19T20:02:03 IST" duration-ms="692" status="PASS">
          <params>
            <param index="0">
              <value>
                <![CDATA[Harry]]>
              </value>
            </param>
            <param index="1">
              <value>
                <![CDATA[harrypotter@gmail.com]]>
              </value>
            </param>
          </params>
          <reporter-output>
          </reporter-output>
        </test-method> <!-- testNgTest -->
        <test-method is-config="true" signature="tearDown()[pri:0, instance:com.datadriven.test.TestNgDataDrivenTest@5b03b9fe]" started-at="2022-01-19T20:02:03 IST" name="tearDown" finished-at="2022-01-19T20:02:03 IST" duration-ms="232" status="PASS">
          <reporter-output>
          </reporter-output>
        </test-method> <!-- tearDown -->
        <test-method is-config="true" signature="setup()[pri:0, instance:com.datadriven.test.TestNgDataDrivenTest@5b03b9fe]" started-at="2022-01-19T20:02:03 IST" name="setup" finished-at="2022-01-19T20:02:07 IST" duration-ms="4557" status="PASS">
          <reporter-output>
          </reporter-output>
        </test-method> <!-- setup -->
        <test-method signature="testNgTest(java.lang.String,java.lang.String)[pri:0, instance:com.datadriven.test.TestNgDataDrivenTest@5b03b9fe]" started-at="2022-01-19T20:02:07 IST" name="testNgTest" data-provider="getTestData" finished-at="2022-01-19T20:02:08 IST" duration-ms="358" status="PASS">
          <params>
            <param index="0">
              <value>
                <![CDATA[Tom]]>
              </value>
            </param>
            <param index="1">
              <value>
                <![CDATA[tomcat@gmail.com]]>
              </value>
            </param>
          </params>
          <reporter-output>
          </reporter-output>
        </test-method> <!-- testNgTest -->
        <test-method is-config="true" signature="tearDown()[pri:0, instance:com.datadriven.test.TestNgDataDrivenTest@5b03b9fe]" started-at="2022-01-19T20:02:08 IST" name="tearDown" finished-at="2022-01-19T20:02:08 IST" duration-ms="132" status="PASS">
          <reporter-output>
          </reporter-output>
        </test-method> <!-- tearDown -->
      </class> <!-- com.datadriven.test.TestNgDataDrivenTest -->
    </test> <!-- Default test -->
  </suite> <!-- Default suite -->
</testng-results>
